<component name="libraryTable">
    <library name="test-interface-1.0.jar">
        <CLASSES>
            <root url="jar:///Users/freewind/Library/Caches/Coursier/v1/https/repo1.maven.org/maven2/org/scala-sbt/test-interface/1.0/test-interface-1.0.jar!/"/>
        </CLASSES>
    </library>
</component>